-------------------------------------------------------------------------------
Test set: org.eclipse.rdf4j.query.algebra.evaluation.impl.AggregationParentReferenceTest
-------------------------------------------------------------------------------
Tests run: 2, Failures: 2, Errors: 0, Skipped: 0, Time elapsed: 0.349 s <<< FAILURE! -- in org.eclipse.rdf4j.query.algebra.evaluation.impl.AggregationParentReferenceTest
org.eclipse.rdf4j.query.algebra.evaluation.impl.AggregationParentReferenceTest.testComplexAggregationParentReferences -- Time elapsed: 0.314 s <<< FAILURE!
java.lang.AssertionError: 
After query parsing there was an unexpected parent for node 
StatementPattern
   Var (name=s)
   Var (name=p)
   Var (name=o)

with parent: 
Extension
   StatementPattern
      Var (name=s)
      Var (name=p)
      Var (name=o)
   ExtensionElem (_anon_443008fec316472691878a307fd510ef1)
      Count
         Var (name=s)

expected: 
Group ()
   StatementPattern
      Var (name=s)
      Var (name=p)
      Var (name=o)
   GroupElem (_anon_443008fec316472691878a307fd510ef1)
      Count
         Var (name=s)

	at org.eclipse.rdf4j.query.algebra.evaluation.optimizer.ParentReferenceChecker$ParentCheckingVisitor.meetNode(ParentReferenceChecker.java:110)
	at org.eclipse.rdf4j.query.algebra.helpers.AbstractQueryModelVisitor.meet(AbstractQueryModelVisitor.java:458)
	at org.eclipse.rdf4j.query.algebra.StatementPattern.visit(StatementPattern.java:311)
	at org.eclipse.rdf4j.query.algebra.UnaryTupleOperator.visitChildren(UnaryTupleOperator.java:72)
	at org.eclipse.rdf4j.query.algebra.Group.visitChildren(Group.java:138)
	at org.eclipse.rdf4j.query.algebra.helpers.AbstractQueryModelVisitor.meetNode(AbstractQueryModelVisitor.java:575)
	at org.eclipse.rdf4j.query.algebra.evaluation.optimizer.ParentReferenceChecker$ParentCheckingVisitor.meetNode(ParentReferenceChecker.java:114)
	at org.eclipse.rdf4j.query.algebra.helpers.AbstractQueryModelVisitor.meetUnaryTupleOperator(AbstractQueryModelVisitor.java:595)
	at org.eclipse.rdf4j.query.algebra.helpers.AbstractQueryModelVisitor.meet(AbstractQueryModelVisitor.java:248)
	at org.eclipse.rdf4j.query.algebra.Group.visit(Group.java:133)
	at org.eclipse.rdf4j.query.algebra.UnaryTupleOperator.visitChildren(UnaryTupleOperator.java:72)
	at org.eclipse.rdf4j.query.algebra.Extension.visitChildren(Extension.java:99)
	at org.eclipse.rdf4j.query.algebra.helpers.AbstractQueryModelVisitor.meetNode(AbstractQueryModelVisitor.java:575)
	at org.eclipse.rdf4j.query.algebra.evaluation.optimizer.ParentReferenceChecker$ParentCheckingVisitor.meetNode(ParentReferenceChecker.java:114)
	at org.eclipse.rdf4j.query.algebra.helpers.AbstractQueryModelVisitor.meetUnaryTupleOperator(AbstractQueryModelVisitor.java:595)
	at org.eclipse.rdf4j.query.algebra.helpers.AbstractQueryModelVisitor.meet(AbstractQueryModelVisitor.java:223)
	at org.eclipse.rdf4j.query.algebra.Extension.visit(Extension.java:94)
	at org.eclipse.rdf4j.query.algebra.UnaryTupleOperator.visitChildren(UnaryTupleOperator.java:72)
	at org.eclipse.rdf4j.query.algebra.Projection.visitChildren(Projection.java:86)
	at org.eclipse.rdf4j.query.algebra.helpers.AbstractQueryModelVisitor.meetNode(AbstractQueryModelVisitor.java:575)
	at org.eclipse.rdf4j.query.algebra.evaluation.optimizer.ParentReferenceChecker$ParentCheckingVisitor.meetNode(ParentReferenceChecker.java:114)
	at org.eclipse.rdf4j.query.algebra.helpers.AbstractQueryModelVisitor.meetUnaryTupleOperator(AbstractQueryModelVisitor.java:595)
	at org.eclipse.rdf4j.query.algebra.helpers.AbstractQueryModelVisitor.meet(AbstractQueryModelVisitor.java:403)
	at org.eclipse.rdf4j.query.algebra.Projection.visit(Projection.java:80)
	at org.eclipse.rdf4j.query.algebra.UnaryTupleOperator.visitChildren(UnaryTupleOperator.java:72)
	at org.eclipse.rdf4j.query.algebra.helpers.AbstractQueryModelVisitor.meetNode(AbstractQueryModelVisitor.java:575)
	at org.eclipse.rdf4j.query.algebra.evaluation.optimizer.ParentReferenceChecker$ParentCheckingVisitor.meetNode(ParentReferenceChecker.java:114)
	at org.eclipse.rdf4j.query.algebra.helpers.AbstractQueryModelVisitor.meet(AbstractQueryModelVisitor.java:418)
	at org.eclipse.rdf4j.query.algebra.QueryRoot.visit(QueryRoot.java:41)
	at org.eclipse.rdf4j.query.algebra.evaluation.optimizer.ParentReferenceChecker.optimize(ParentReferenceChecker.java:59)
	at org.eclipse.rdf4j.query.algebra.evaluation.impl.AggregationParentReferenceTest.testComplexAggregationParentReferences(AggregationParentReferenceTest.java:42)
	at java.base/jdk.internal.reflect.NativeMethodAccessorImpl.invoke0(Native Method)
	at java.base/jdk.internal.reflect.NativeMethodAccessorImpl.invoke(NativeMethodAccessorImpl.java:62)
	at java.base/jdk.internal.reflect.DelegatingMethodAccessorImpl.invoke(DelegatingMethodAccessorImpl.java:43)
	at java.base/java.lang.reflect.Method.invoke(Method.java:566)
	at org.junit.platform.commons.util.ReflectionUtils.invokeMethod(ReflectionUtils.java:727)
	at org.junit.jupiter.engine.execution.MethodInvocation.proceed(MethodInvocation.java:60)
	at org.junit.jupiter.engine.execution.InvocationInterceptorChain$ValidatingInvocation.proceed(InvocationInterceptorChain.java:131)
	at org.junit.jupiter.engine.extension.TimeoutExtension.intercept(TimeoutExtension.java:156)
	at org.junit.jupiter.engine.extension.TimeoutExtension.interceptTestableMethod(TimeoutExtension.java:147)
	at org.junit.jupiter.engine.extension.TimeoutExtension.interceptTestMethod(TimeoutExtension.java:86)
	at org.junit.jupiter.engine.execution.InterceptingExecutableInvoker$ReflectiveInterceptorCall.lambda$ofVoidMethod$0(InterceptingExecutableInvoker.java:103)
	at org.junit.jupiter.engine.execution.InterceptingExecutableInvoker.lambda$invoke$0(InterceptingExecutableInvoker.java:93)
	at org.junit.jupiter.engine.execution.InvocationInterceptorChain$InterceptedInvocation.proceed(InvocationInterceptorChain.java:106)
	at org.junit.jupiter.engine.execution.InvocationInterceptorChain.proceed(InvocationInterceptorChain.java:64)
	at org.junit.jupiter.engine.execution.InvocationInterceptorChain.chainAndInvoke(InvocationInterceptorChain.java:45)
	at org.junit.jupiter.engine.execution.InvocationInterceptorChain.invoke(InvocationInterceptorChain.java:37)
	at org.junit.jupiter.engine.execution.InterceptingExecutableInvoker.invoke(InterceptingExecutableInvoker.java:92)
	at org.junit.jupiter.engine.execution.InterceptingExecutableInvoker.invoke(InterceptingExecutableInvoker.java:86)
	at org.junit.jupiter.engine.descriptor.TestMethodTestDescriptor.lambda$invokeTestMethod$7(TestMethodTestDescriptor.java:217)
	at org.junit.platform.engine.support.hierarchical.ThrowableCollector.execute(ThrowableCollector.java:73)
	at org.junit.jupiter.engine.descriptor.TestMethodTestDescriptor.invokeTestMethod(TestMethodTestDescriptor.java:213)
	at org.junit.jupiter.engine.descriptor.TestMethodTestDescriptor.execute(TestMethodTestDescriptor.java:138)
	at org.junit.jupiter.engine.descriptor.TestMethodTestDescriptor.execute(TestMethodTestDescriptor.java:68)
	at org.junit.platform.engine.support.hierarchical.NodeTestTask.lambda$executeRecursively$6(NodeTestTask.java:151)
	at org.junit.platform.engine.support.hierarchical.ThrowableCollector.execute(ThrowableCollector.java:73)
	at org.junit.platform.engine.support.hierarchical.NodeTestTask.lambda$executeRecursively$8(NodeTestTask.java:141)
	at org.junit.platform.engine.support.hierarchical.Node.around(Node.java:137)
	at org.junit.platform.engine.support.hierarchical.NodeTestTask.lambda$executeRecursively$9(NodeTestTask.java:139)
	at org.junit.platform.engine.support.hierarchical.ThrowableCollector.execute(ThrowableCollector.java:73)
	at org.junit.platform.engine.support.hierarchical.NodeTestTask.executeRecursively(NodeTestTask.java:138)
	at org.junit.platform.engine.support.hierarchical.NodeTestTask.execute(NodeTestTask.java:95)
	at java.base/java.util.ArrayList.forEach(ArrayList.java:1541)
	at org.junit.platform.engine.support.hierarchical.SameThreadHierarchicalTestExecutorService.invokeAll(SameThreadHierarchicalTestExecutorService.java:41)
	at org.junit.platform.engine.support.hierarchical.NodeTestTask.lambda$executeRecursively$6(NodeTestTask.java:155)
	at org.junit.platform.engine.support.hierarchical.ThrowableCollector.execute(ThrowableCollector.java:73)
	at org.junit.platform.engine.support.hierarchical.NodeTestTask.lambda$executeRecursively$8(NodeTestTask.java:141)
	at org.junit.platform.engine.support.hierarchical.Node.around(Node.java:137)
	at org.junit.platform.engine.support.hierarchical.NodeTestTask.lambda$executeRecursively$9(NodeTestTask.java:139)
	at org.junit.platform.engine.support.hierarchical.ThrowableCollector.execute(ThrowableCollector.java:73)
	at org.junit.platform.engine.support.hierarchical.NodeTestTask.executeRecursively(NodeTestTask.java:138)
	at org.junit.platform.engine.support.hierarchical.NodeTestTask.execute(NodeTestTask.java:95)
	at java.base/java.util.ArrayList.forEach(ArrayList.java:1541)
	at org.junit.platform.engine.support.hierarchical.SameThreadHierarchicalTestExecutorService.invokeAll(SameThreadHierarchicalTestExecutorService.java:41)
	at org.junit.platform.engine.support.hierarchical.NodeTestTask.lambda$executeRecursively$6(NodeTestTask.java:155)
	at org.junit.platform.engine.support.hierarchical.ThrowableCollector.execute(ThrowableCollector.java:73)
	at org.junit.platform.engine.support.hierarchical.NodeTestTask.lambda$executeRecursively$8(NodeTestTask.java:141)
	at org.junit.platform.engine.support.hierarchical.Node.around(Node.java:137)
	at org.junit.platform.engine.support.hierarchical.NodeTestTask.lambda$executeRecursively$9(NodeTestTask.java:139)
	at org.junit.platform.engine.support.hierarchical.ThrowableCollector.execute(ThrowableCollector.java:73)
	at org.junit.platform.engine.support.hierarchical.NodeTestTask.executeRecursively(NodeTestTask.java:138)
	at org.junit.platform.engine.support.hierarchical.NodeTestTask.execute(NodeTestTask.java:95)
	at org.junit.platform.engine.support.hierarchical.SameThreadHierarchicalTestExecutorService.submit(SameThreadHierarchicalTestExecutorService.java:35)
	at org.junit.platform.engine.support.hierarchical.HierarchicalTestExecutor.execute(HierarchicalTestExecutor.java:57)
	at org.junit.platform.engine.support.hierarchical.HierarchicalTestEngine.execute(HierarchicalTestEngine.java:54)
	at org.junit.platform.launcher.core.EngineExecutionOrchestrator.execute(EngineExecutionOrchestrator.java:147)
	at org.junit.platform.launcher.core.EngineExecutionOrchestrator.execute(EngineExecutionOrchestrator.java:127)
	at org.junit.platform.launcher.core.EngineExecutionOrchestrator.execute(EngineExecutionOrchestrator.java:90)
	at org.junit.platform.launcher.core.EngineExecutionOrchestrator.lambda$execute$0(EngineExecutionOrchestrator.java:55)
	at org.junit.platform.launcher.core.EngineExecutionOrchestrator.withInterceptedStreams(EngineExecutionOrchestrator.java:102)
	at org.junit.platform.launcher.core.EngineExecutionOrchestrator.execute(EngineExecutionOrchestrator.java:54)
	at org.junit.platform.launcher.core.DefaultLauncher.execute(DefaultLauncher.java:114)
	at org.junit.platform.launcher.core.DefaultLauncher.execute(DefaultLauncher.java:86)
	at org.junit.platform.launcher.core.DefaultLauncherSession$DelegatingLauncher.execute(DefaultLauncherSession.java:86)
	at org.apache.maven.surefire.junitplatform.LauncherAdapter.executeWithoutCancellationToken(LauncherAdapter.java:60)
	at org.apache.maven.surefire.junitplatform.LauncherAdapter.execute(LauncherAdapter.java:52)
	at org.apache.maven.surefire.junitplatform.JUnitPlatformProvider.execute(JUnitPlatformProvider.java:203)
	at org.apache.maven.surefire.junitplatform.JUnitPlatformProvider.invokeAllTests(JUnitPlatformProvider.java:168)
	at org.apache.maven.surefire.junitplatform.JUnitPlatformProvider.invoke(JUnitPlatformProvider.java:136)
	at org.apache.maven.surefire.booter.ForkedBooter.runSuitesInProcess(ForkedBooter.java:385)
	at org.apache.maven.surefire.booter.ForkedBooter.execute(ForkedBooter.java:162)
	at org.apache.maven.surefire.booter.ForkedBooter.run(ForkedBooter.java:507)
	at org.apache.maven.surefire.booter.ForkedBooter.main(ForkedBooter.java:495)

org.eclipse.rdf4j.query.algebra.evaluation.impl.AggregationParentReferenceTest.testAggregationParentReferences -- Time elapsed: 0.009 s <<< FAILURE!
java.lang.AssertionError: 
After query parsing there was an unexpected parent for node 
Count
   Var (name=s)

with parent: 
ExtensionElem (count)
   Count
      Var (name=s)

expected: 
GroupElem (count)
   Count
      Var (name=s)

	at org.eclipse.rdf4j.query.algebra.evaluation.optimizer.ParentReferenceChecker$ParentCheckingVisitor.meetNode(ParentReferenceChecker.java:110)
	at org.eclipse.rdf4j.query.algebra.helpers.AbstractQueryModelVisitor.meetUnaryValueOperator(AbstractQueryModelVisitor.java:605)
	at org.eclipse.rdf4j.query.algebra.helpers.AbstractQueryModelVisitor.meet(AbstractQueryModelVisitor.java:183)
	at org.eclipse.rdf4j.query.algebra.Count.visit(Count.java:29)
	at org.eclipse.rdf4j.query.algebra.GroupElem.visitChildren(GroupElem.java:69)
	at org.eclipse.rdf4j.query.algebra.helpers.AbstractQueryModelVisitor.meetNode(AbstractQueryModelVisitor.java:575)
	at org.eclipse.rdf4j.query.algebra.evaluation.optimizer.ParentReferenceChecker$ParentCheckingVisitor.meetNode(ParentReferenceChecker.java:114)
	at org.eclipse.rdf4j.query.algebra.helpers.AbstractQueryModelVisitor.meet(AbstractQueryModelVisitor.java:258)
	at org.eclipse.rdf4j.query.algebra.GroupElem.visit(GroupElem.java:64)
	at org.eclipse.rdf4j.query.algebra.Group.visitChildren(Group.java:141)
	at org.eclipse.rdf4j.query.algebra.helpers.AbstractQueryModelVisitor.meetNode(AbstractQueryModelVisitor.java:575)
	at org.eclipse.rdf4j.query.algebra.evaluation.optimizer.ParentReferenceChecker$ParentCheckingVisitor.meetNode(ParentReferenceChecker.java:114)
	at org.eclipse.rdf4j.query.algebra.helpers.AbstractQueryModelVisitor.meetUnaryTupleOperator(AbstractQueryModelVisitor.java:595)
	at org.eclipse.rdf4j.query.algebra.helpers.AbstractQueryModelVisitor.meet(AbstractQueryModelVisitor.java:248)
	at org.eclipse.rdf4j.query.algebra.Group.visit(Group.java:133)
	at org.eclipse.rdf4j.query.algebra.UnaryTupleOperator.visitChildren(UnaryTupleOperator.java:72)
	at org.eclipse.rdf4j.query.algebra.Extension.visitChildren(Extension.java:99)
	at org.eclipse.rdf4j.query.algebra.helpers.AbstractQueryModelVisitor.meetNode(AbstractQueryModelVisitor.java:575)
	at org.eclipse.rdf4j.query.algebra.evaluation.optimizer.ParentReferenceChecker$ParentCheckingVisitor.meetNode(ParentReferenceChecker.java:114)
	at org.eclipse.rdf4j.query.algebra.helpers.AbstractQueryModelVisitor.meetUnaryTupleOperator(AbstractQueryModelVisitor.java:595)
	at org.eclipse.rdf4j.query.algebra.helpers.AbstractQueryModelVisitor.meet(AbstractQueryModelVisitor.java:223)
	at org.eclipse.rdf4j.query.algebra.Extension.visit(Extension.java:94)
	at org.eclipse.rdf4j.query.algebra.UnaryTupleOperator.visitChildren(UnaryTupleOperator.java:72)
	at org.eclipse.rdf4j.query.algebra.Projection.visitChildren(Projection.java:86)
	at org.eclipse.rdf4j.query.algebra.helpers.AbstractQueryModelVisitor.meetNode(AbstractQueryModelVisitor.java:575)
	at org.eclipse.rdf4j.query.algebra.evaluation.optimizer.ParentReferenceChecker$ParentCheckingVisitor.meetNode(ParentReferenceChecker.java:114)
	at org.eclipse.rdf4j.query.algebra.helpers.AbstractQueryModelVisitor.meetUnaryTupleOperator(AbstractQueryModelVisitor.java:595)
	at org.eclipse.rdf4j.query.algebra.helpers.AbstractQueryModelVisitor.meet(AbstractQueryModelVisitor.java:403)
	at org.eclipse.rdf4j.query.algebra.Projection.visit(Projection.java:80)
	at org.eclipse.rdf4j.query.algebra.UnaryTupleOperator.visitChildren(UnaryTupleOperator.java:72)
	at org.eclipse.rdf4j.query.algebra.helpers.AbstractQueryModelVisitor.meetNode(AbstractQueryModelVisitor.java:575)
	at org.eclipse.rdf4j.query.algebra.evaluation.optimizer.ParentReferenceChecker$ParentCheckingVisitor.meetNode(ParentReferenceChecker.java:114)
	at org.eclipse.rdf4j.query.algebra.helpers.AbstractQueryModelVisitor.meet(AbstractQueryModelVisitor.java:418)
	at org.eclipse.rdf4j.query.algebra.QueryRoot.visit(QueryRoot.java:41)
	at org.eclipse.rdf4j.query.algebra.evaluation.optimizer.ParentReferenceChecker.optimize(ParentReferenceChecker.java:59)
	at org.eclipse.rdf4j.query.algebra.evaluation.impl.AggregationParentReferenceTest.testAggregationParentReferences(AggregationParentReferenceTest.java:32)
	at java.base/jdk.internal.reflect.NativeMethodAccessorImpl.invoke0(Native Method)
	at java.base/jdk.internal.reflect.NativeMethodAccessorImpl.invoke(NativeMethodAccessorImpl.java:62)
	at java.base/jdk.internal.reflect.DelegatingMethodAccessorImpl.invoke(DelegatingMethodAccessorImpl.java:43)
	at java.base/java.lang.reflect.Method.invoke(Method.java:566)
	at org.junit.platform.commons.util.ReflectionUtils.invokeMethod(ReflectionUtils.java:727)
	at org.junit.jupiter.engine.execution.MethodInvocation.proceed(MethodInvocation.java:60)
	at org.junit.jupiter.engine.execution.InvocationInterceptorChain$ValidatingInvocation.proceed(InvocationInterceptorChain.java:131)
	at org.junit.jupiter.engine.extension.TimeoutExtension.intercept(TimeoutExtension.java:156)
	at org.junit.jupiter.engine.extension.TimeoutExtension.interceptTestableMethod(TimeoutExtension.java:147)
	at org.junit.jupiter.engine.extension.TimeoutExtension.interceptTestMethod(TimeoutExtension.java:86)
	at org.junit.jupiter.engine.execution.InterceptingExecutableInvoker$ReflectiveInterceptorCall.lambda$ofVoidMethod$0(InterceptingExecutableInvoker.java:103)
	at org.junit.jupiter.engine.execution.InterceptingExecutableInvoker.lambda$invoke$0(InterceptingExecutableInvoker.java:93)
	at org.junit.jupiter.engine.execution.InvocationInterceptorChain$InterceptedInvocation.proceed(InvocationInterceptorChain.java:106)
	at org.junit.jupiter.engine.execution.InvocationInterceptorChain.proceed(InvocationInterceptorChain.java:64)
	at org.junit.jupiter.engine.execution.InvocationInterceptorChain.chainAndInvoke(InvocationInterceptorChain.java:45)
	at org.junit.jupiter.engine.execution.InvocationInterceptorChain.invoke(InvocationInterceptorChain.java:37)
	at org.junit.jupiter.engine.execution.InterceptingExecutableInvoker.invoke(InterceptingExecutableInvoker.java:92)
	at org.junit.jupiter.engine.execution.InterceptingExecutableInvoker.invoke(InterceptingExecutableInvoker.java:86)
	at org.junit.jupiter.engine.descriptor.TestMethodTestDescriptor.lambda$invokeTestMethod$7(TestMethodTestDescriptor.java:217)
	at org.junit.platform.engine.support.hierarchical.ThrowableCollector.execute(ThrowableCollector.java:73)
	at org.junit.jupiter.engine.descriptor.TestMethodTestDescriptor.invokeTestMethod(TestMethodTestDescriptor.java:213)
	at org.junit.jupiter.engine.descriptor.TestMethodTestDescriptor.execute(TestMethodTestDescriptor.java:138)
	at org.junit.jupiter.engine.descriptor.TestMethodTestDescriptor.execute(TestMethodTestDescriptor.java:68)
	at org.junit.platform.engine.support.hierarchical.NodeTestTask.lambda$executeRecursively$6(NodeTestTask.java:151)
	at org.junit.platform.engine.support.hierarchical.ThrowableCollector.execute(ThrowableCollector.java:73)
	at org.junit.platform.engine.support.hierarchical.NodeTestTask.lambda$executeRecursively$8(NodeTestTask.java:141)
	at org.junit.platform.engine.support.hierarchical.Node.around(Node.java:137)
	at org.junit.platform.engine.support.hierarchical.NodeTestTask.lambda$executeRecursively$9(NodeTestTask.java:139)
	at org.junit.platform.engine.support.hierarchical.ThrowableCollector.execute(ThrowableCollector.java:73)
	at org.junit.platform.engine.support.hierarchical.NodeTestTask.executeRecursively(NodeTestTask.java:138)
	at org.junit.platform.engine.support.hierarchical.NodeTestTask.execute(NodeTestTask.java:95)
	at java.base/java.util.ArrayList.forEach(ArrayList.java:1541)
	at org.junit.platform.engine.support.hierarchical.SameThreadHierarchicalTestExecutorService.invokeAll(SameThreadHierarchicalTestExecutorService.java:41)
	at org.junit.platform.engine.support.hierarchical.NodeTestTask.lambda$executeRecursively$6(NodeTestTask.java:155)
	at org.junit.platform.engine.support.hierarchical.ThrowableCollector.execute(ThrowableCollector.java:73)
	at org.junit.platform.engine.support.hierarchical.NodeTestTask.lambda$executeRecursively$8(NodeTestTask.java:141)
	at org.junit.platform.engine.support.hierarchical.Node.around(Node.java:137)
	at org.junit.platform.engine.support.hierarchical.NodeTestTask.lambda$executeRecursively$9(NodeTestTask.java:139)
	at org.junit.platform.engine.support.hierarchical.ThrowableCollector.execute(ThrowableCollector.java:73)
	at org.junit.platform.engine.support.hierarchical.NodeTestTask.executeRecursively(NodeTestTask.java:138)
	at org.junit.platform.engine.support.hierarchical.NodeTestTask.execute(NodeTestTask.java:95)
	at java.base/java.util.ArrayList.forEach(ArrayList.java:1541)
	at org.junit.platform.engine.support.hierarchical.SameThreadHierarchicalTestExecutorService.invokeAll(SameThreadHierarchicalTestExecutorService.java:41)
	at org.junit.platform.engine.support.hierarchical.NodeTestTask.lambda$executeRecursively$6(NodeTestTask.java:155)
	at org.junit.platform.engine.support.hierarchical.ThrowableCollector.execute(ThrowableCollector.java:73)
	at org.junit.platform.engine.support.hierarchical.NodeTestTask.lambda$executeRecursively$8(NodeTestTask.java:141)
	at org.junit.platform.engine.support.hierarchical.Node.around(Node.java:137)
	at org.junit.platform.engine.support.hierarchical.NodeTestTask.lambda$executeRecursively$9(NodeTestTask.java:139)
	at org.junit.platform.engine.support.hierarchical.ThrowableCollector.execute(ThrowableCollector.java:73)
	at org.junit.platform.engine.support.hierarchical.NodeTestTask.executeRecursively(NodeTestTask.java:138)
	at org.junit.platform.engine.support.hierarchical.NodeTestTask.execute(NodeTestTask.java:95)
	at org.junit.platform.engine.support.hierarchical.SameThreadHierarchicalTestExecutorService.submit(SameThreadHierarchicalTestExecutorService.java:35)
	at org.junit.platform.engine.support.hierarchical.HierarchicalTestExecutor.execute(HierarchicalTestExecutor.java:57)
	at org.junit.platform.engine.support.hierarchical.HierarchicalTestEngine.execute(HierarchicalTestEngine.java:54)
	at org.junit.platform.launcher.core.EngineExecutionOrchestrator.execute(EngineExecutionOrchestrator.java:147)
	at org.junit.platform.launcher.core.EngineExecutionOrchestrator.execute(EngineExecutionOrchestrator.java:127)
	at org.junit.platform.launcher.core.EngineExecutionOrchestrator.execute(EngineExecutionOrchestrator.java:90)
	at org.junit.platform.launcher.core.EngineExecutionOrchestrator.lambda$execute$0(EngineExecutionOrchestrator.java:55)
	at org.junit.platform.launcher.core.EngineExecutionOrchestrator.withInterceptedStreams(EngineExecutionOrchestrator.java:102)
	at org.junit.platform.launcher.core.EngineExecutionOrchestrator.execute(EngineExecutionOrchestrator.java:54)
	at org.junit.platform.launcher.core.DefaultLauncher.execute(DefaultLauncher.java:114)
	at org.junit.platform.launcher.core.DefaultLauncher.execute(DefaultLauncher.java:86)
	at org.junit.platform.launcher.core.DefaultLauncherSession$DelegatingLauncher.execute(DefaultLauncherSession.java:86)
	at org.apache.maven.surefire.junitplatform.LauncherAdapter.executeWithoutCancellationToken(LauncherAdapter.java:60)
	at org.apache.maven.surefire.junitplatform.LauncherAdapter.execute(LauncherAdapter.java:52)
	at org.apache.maven.surefire.junitplatform.JUnitPlatformProvider.execute(JUnitPlatformProvider.java:203)
	at org.apache.maven.surefire.junitplatform.JUnitPlatformProvider.invokeAllTests(JUnitPlatformProvider.java:168)
	at org.apache.maven.surefire.junitplatform.JUnitPlatformProvider.invoke(JUnitPlatformProvider.java:136)
	at org.apache.maven.surefire.booter.ForkedBooter.runSuitesInProcess(ForkedBooter.java:385)
	at org.apache.maven.surefire.booter.ForkedBooter.execute(ForkedBooter.java:162)
	at org.apache.maven.surefire.booter.ForkedBooter.run(ForkedBooter.java:507)
	at org.apache.maven.surefire.booter.ForkedBooter.main(ForkedBooter.java:495)

